<?xml version="1.0" encoding="UTF-8"?>
<!-- Generated by org.testng.reporters.JUnitXMLReporter -->
<testsuite ignored="0" hostname="SOURAV" failures="1" tests="10" name="Flipkart Test" time="108.465" errors="0" timestamp="2020-01-08T14:28:18 IST">
  <testcase classname="com.flipkart.qa.testcases.LoginPageTest" name="logInTest" time="2.487"/>
  <testcase classname="com.flipkart.qa.testcases.LoginPageTest" name="loginTest" time="1.244"/>
  <testcase classname="com.flipkart.qa.testcases.LoginPageTest" name="loginTest" time="1.105"/>
  <testcase classname="com.flipkart.qa.testcases.LoginPageTest" name="loginTest" time="2.396"/>
  <testcase classname="com.flipkart.qa.testcases.LoginPageTest" name="loginTest" time="1.036"/>
  <testcase classname="com.flipkart.qa.testcases.HomePageTest" name="productSearchBarTest" time="0.573"/>
  <testcase classname="com.flipkart.qa.testcases.HomePageTest" name="validatePageTitleTest" time="0.013"/>
  <testcase classname="com.flipkart.qa.testcases.HomePageTest" name="validateDealsOftheDayTest" time="0.087"/>
  <testcase classname="com.flipkart.qa.testcases.HomePageTest" name="clickOnCartTest" time="0.447"/>
  <testcase classname="com.flipkart.qa.testcases.HomePageTest" name="validatTopSelection" time="10.434">
    <failure type="org.openqa.selenium.NoSuchElementException" message="Unable to locate element: //*[contains(text(),&amp;apos;Top Selection&amp;apos;)]
For documentation on this error, please visit: https://www.seleniumhq.org/exceptions/no_such_element.html
Build info: version: &amp;apos;3.141.59&amp;apos;, revision: &amp;apos;e82be7d358&amp;apos;, time: &amp;apos;2018-11-14T08:17:03&amp;apos;
System info: host: &amp;apos;SOURAV&amp;apos;, ip: &amp;apos;192.168.137.1&amp;apos;, os.name: &amp;apos;Windows 10&amp;apos;, os.arch: &amp;apos;amd64&amp;apos;, os.version: &amp;apos;10.0&amp;apos;, java.version: &amp;apos;13.0.1&amp;apos;
Driver info: org.openqa.selenium.remote.RemoteWebDriver
Capabilities {acceptInsecureCerts: true, browserName: firefox, browserVersion: 71.0, goog:chromeOptions: {args: [], extensions: []}, javascriptEnabled: true, moz:accessibilityChecks: false, moz:buildID: 20191205184924, moz:geckodriverVersion: 0.26.0, moz:headless: false, moz:processID: 33440, moz:profile: /tmp/rust_mozprofileL0IpTk, moz:shutdownTimeout: 60000, moz:useNonSpecCompliantPointerOrigin: false, moz:webdriverClick: true, pageLoadStrategy: normal, platform: LINUX, platformName: LINUX, platformVersion: 5.0.0-23-generic, rotatable: false, setWindowRect: true, strictFileInteractability: false, timeouts: {implicit: 0, pageLoad: 300000, script: 30000}, unhandledPromptBehavior: dismiss and notify, webdriver.remote.sessionid: 485614a6-8731-4d8a-a283-d4b...}
Session ID: 485614a6-8731-4d8a-a283-d4ba1f789042
*** Element info: {Using=xpath, value=//*[contains(text(),&amp;apos;Top Selection&amp;apos;)]}">
      <![CDATA[org.openqa.selenium.NoSuchElementException: Unable to locate element: //*[contains(text(),'Top Selection')]
For documentation on this error, please visit: https://www.seleniumhq.org/exceptions/no_such_element.html
Build info: version: '3.141.59', revision: 'e82be7d358', time: '2018-11-14T08:17:03'
System info: host: 'SOURAV', ip: '192.168.137.1', os.name: 'Windows 10', os.arch: 'amd64', os.version: '10.0', java.version: '13.0.1'
Driver info: org.openqa.selenium.remote.RemoteWebDriver
Capabilities {acceptInsecureCerts: true, browserName: firefox, browserVersion: 71.0, goog:chromeOptions: {args: [], extensions: []}, javascriptEnabled: true, moz:accessibilityChecks: false, moz:buildID: 20191205184924, moz:geckodriverVersion: 0.26.0, moz:headless: false, moz:processID: 33440, moz:profile: /tmp/rust_mozprofileL0IpTk, moz:shutdownTimeout: 60000, moz:useNonSpecCompliantPointerOrigin: false, moz:webdriverClick: true, pageLoadStrategy: normal, platform: LINUX, platformName: LINUX, platformVersion: 5.0.0-23-generic, rotatable: false, setWindowRect: true, strictFileInteractability: false, timeouts: {implicit: 0, pageLoad: 300000, script: 30000}, unhandledPromptBehavior: dismiss and notify, webdriver.remote.sessionid: 485614a6-8731-4d8a-a283-d4b...}
Session ID: 485614a6-8731-4d8a-a283-d4ba1f789042
*** Element info: {Using=xpath, value=//*[contains(text(),'Top Selection')]}
at org.openqa.selenium.remote.http.W3CHttpResponseCodec.createException(W3CHttpResponseCodec.java:187)
at org.openqa.selenium.remote.http.W3CHttpResponseCodec.decode(W3CHttpResponseCodec.java:122)
at org.openqa.selenium.remote.http.W3CHttpResponseCodec.decode(W3CHttpResponseCodec.java:49)
at org.openqa.selenium.remote.HttpCommandExecutor.execute(HttpCommandExecutor.java:158)
at org.openqa.selenium.remote.RemoteWebDriver.execute(RemoteWebDriver.java:552)
at org.openqa.selenium.remote.RemoteWebDriver.findElement(RemoteWebDriver.java:323)
at org.openqa.selenium.remote.RemoteWebDriver.findElementByXPath(RemoteWebDriver.java:428)
at org.openqa.selenium.By$ByXPath.findElement(By.java:353)
at org.openqa.selenium.remote.RemoteWebDriver.findElement(RemoteWebDriver.java:315)
at org.openqa.selenium.support.events.EventFiringWebDriver.lambda$new$1(EventFiringWebDriver.java:105)
at com.sun.proxy.$Proxy11.findElement(Unknown Source)
at org.openqa.selenium.support.events.EventFiringWebDriver.findElement(EventFiringWebDriver.java:194)
at org.openqa.selenium.support.pagefactory.DefaultElementLocator.findElement(DefaultElementLocator.java:69)
at org.openqa.selenium.support.pagefactory.internal.LocatingElementHandler.invoke(LocatingElementHandler.java:38)
at com.sun.proxy.$Proxy15.isDisplayed(Unknown Source)
at com.flipkart.qa.pages.HomePage.validatTopSelection(HomePage.java:57)
at com.flipkart.qa.testcases.HomePageTest.validatTopSelection(HomePageTest.java:46)
at java.base/java.util.ArrayList.forEach(ArrayList.java:1507)
... Removed 35 stack frames]]>
    </failure>
  </testcase> <!-- validatTopSelection -->
</testsuite> <!-- Flipkart Test -->
