<?xml version="1.0" encoding="UTF-8"?>
<!-- Generated by org.testng.reporters.JUnitXMLReporter -->
<testsuite ignored="0" hostname="SOURAV" failures="0" tests="10" name="Flipkart Test_Windows" time="0.147" errors="0" timestamp="2020-01-09T15:23:20 IST">
  <testcase classname="com.flipkart.qa.testcases.LoginPageTest" name="@BeforeMethod setup" time="0.0">
    <failure type="java.lang.NullPointerException">
      <![CDATA[java.lang.NullPointerException
at com.flipkart.qa.base.TestBase.initialization(TestBase.java:72)
at com.flipkart.qa.testcases.LoginPageTest.setup(LoginPageTest.java:20)
at java.base/java.util.ArrayList.forEach(ArrayList.java:1507)
... Removed 31 stack frames]]>
    </failure>
  </testcase> <!-- @BeforeMethod setup -->
  <testcase classname="com.flipkart.qa.testcases.LoginPageTest" name="@AfterMethod tearDown" time="-1.578563600487E9">
    <skipped/>
  </testcase> <!-- @AfterMethod tearDown -->
  <testcase classname="com.flipkart.qa.testcases.LoginPageTest" name="@BeforeMethod setup" time="-1.578563600556E9">
    <skipped/>
  </testcase> <!-- @BeforeMethod setup -->
  <testcase classname="com.flipkart.qa.testcases.LoginPageTest" name="@AfterMethod tearDown" time="-1.578563600561E9">
    <skipped/>
  </testcase> <!-- @AfterMethod tearDown -->
  <testcase classname="com.flipkart.qa.testcases.LoginPageTest" name="@BeforeMethod setup" time="-1.578563600563E9">
    <skipped/>
  </testcase> <!-- @BeforeMethod setup -->
  <testcase classname="com.flipkart.qa.testcases.LoginPageTest" name="@AfterMethod tearDown" time="-1.578563600571E9">
    <skipped/>
  </testcase> <!-- @AfterMethod tearDown -->
  <testcase classname="com.flipkart.qa.testcases.LoginPageTest" name="@BeforeMethod setup" time="-1.578563600573E9">
    <skipped/>
  </testcase> <!-- @BeforeMethod setup -->
  <testcase classname="com.flipkart.qa.testcases.LoginPageTest" name="@AfterMethod tearDown" time="-1.57856360058E9">
    <skipped/>
  </testcase> <!-- @AfterMethod tearDown -->
  <testcase classname="com.flipkart.qa.testcases.LoginPageTest" name="@BeforeMethod setup" time="-1.578563600582E9">
    <skipped/>
  </testcase> <!-- @BeforeMethod setup -->
  <testcase classname="com.flipkart.qa.testcases.LoginPageTest" name="@AfterMethod tearDown" time="-1.578563600587E9">
    <skipped/>
  </testcase> <!-- @AfterMethod tearDown -->
  <testcase classname="com.flipkart.qa.testcases.HomePageTest" name="@BeforeMethod setUp" time="0.0">
    <failure type="java.lang.NullPointerException">
      <![CDATA[java.lang.NullPointerException
at com.flipkart.qa.base.TestBase.initialization(TestBase.java:72)
at com.flipkart.qa.testcases.HomePageTest.setUp(HomePageTest.java:24)
at java.base/java.util.ArrayList.forEach(ArrayList.java:1507)
... Removed 31 stack frames]]>
    </failure>
  </testcase> <!-- @BeforeMethod setUp -->
  <testcase classname="com.flipkart.qa.testcases.HomePageTest" name="@AfterMethod tearDown" time="-1.578563600596E9">
    <skipped/>
  </testcase> <!-- @AfterMethod tearDown -->
  <testcase classname="com.flipkart.qa.testcases.HomePageTest" name="@BeforeMethod setUp" time="-1.578563600598E9">
    <skipped/>
  </testcase> <!-- @BeforeMethod setUp -->
  <testcase classname="com.flipkart.qa.testcases.HomePageTest" name="@AfterMethod tearDown" time="-1.578563600601E9">
    <skipped/>
  </testcase> <!-- @AfterMethod tearDown -->
  <testcase classname="com.flipkart.qa.testcases.HomePageTest" name="@BeforeMethod setUp" time="-1.578563600603E9">
    <skipped/>
  </testcase> <!-- @BeforeMethod setUp -->
  <testcase classname="com.flipkart.qa.testcases.HomePageTest" name="@AfterMethod tearDown" time="-1.578563600608E9">
    <skipped/>
  </testcase> <!-- @AfterMethod tearDown -->
  <testcase classname="com.flipkart.qa.testcases.HomePageTest" name="@BeforeMethod setUp" time="-1.57856360061E9">
    <skipped/>
  </testcase> <!-- @BeforeMethod setUp -->
  <testcase classname="com.flipkart.qa.testcases.HomePageTest" name="@AfterMethod tearDown" time="-1.578563600613E9">
    <skipped/>
  </testcase> <!-- @AfterMethod tearDown -->
  <testcase classname="com.flipkart.qa.testcases.HomePageTest" name="@BeforeMethod setUp" time="-1.578563600616E9">
    <skipped/>
  </testcase> <!-- @BeforeMethod setUp -->
  <testcase classname="com.flipkart.qa.testcases.HomePageTest" name="@AfterMethod tearDown" time="-1.57856360062E9">
    <skipped/>
  </testcase> <!-- @AfterMethod tearDown -->
  <testcase classname="com.flipkart.qa.testcases.LoginPageTest" name="logInTest" time="0.0">
    <skipped/>
  </testcase> <!-- logInTest -->
  <testcase classname="com.flipkart.qa.testcases.LoginPageTest" name="loginTest" time="0.0">
    <skipped/>
  </testcase> <!-- loginTest -->
  <testcase classname="com.flipkart.qa.testcases.LoginPageTest" name="loginTest" time="0.0">
    <skipped/>
  </testcase> <!-- loginTest -->
  <testcase classname="com.flipkart.qa.testcases.LoginPageTest" name="loginTest" time="0.0">
    <skipped/>
  </testcase> <!-- loginTest -->
  <testcase classname="com.flipkart.qa.testcases.LoginPageTest" name="loginTest" time="0.0">
    <skipped/>
  </testcase> <!-- loginTest -->
  <testcase classname="com.flipkart.qa.testcases.HomePageTest" name="productSearchBarTest" time="0.0">
    <skipped/>
  </testcase> <!-- productSearchBarTest -->
  <testcase classname="com.flipkart.qa.testcases.HomePageTest" name="validatePageTitleTest" time="0.0">
    <skipped/>
  </testcase> <!-- validatePageTitleTest -->
  <testcase classname="com.flipkart.qa.testcases.HomePageTest" name="validateDealsOftheDayTest" time="0.0">
    <skipped/>
  </testcase> <!-- validateDealsOftheDayTest -->
  <testcase classname="com.flipkart.qa.testcases.HomePageTest" name="clickOnCartTest" time="0.0">
    <skipped/>
  </testcase> <!-- clickOnCartTest -->
  <testcase classname="com.flipkart.qa.testcases.HomePageTest" name="validatTopSelection" time="0.0">
    <skipped/>
  </testcase> <!-- validatTopSelection -->
</testsuite> <!-- Flipkart Test_Windows -->
